<?xml version="1.0" encoding="UTF-8"?>
<!-- Generated by org.testng.reporters.JUnitReportReporter -->
<testsuite hostname="Swapanpreets-MacBook-Pro.local" name="com.googlesearch.MavenGoogleSearch1.GoogleSearch" tests="1" failures="0" timestamp="22 Mar 2017 15:02:51 GMT" time="2.655" errors="0">
  <testcase name="OpenBrowser" time="2.655" classname="com.googlesearch.MavenGoogleSearch1.GoogleSearch"/>
</testsuite> <!-- com.googlesearch.MavenGoogleSearch1.GoogleSearch -->
