<?xml version="1.0" encoding="UTF-8"?>
<!-- Generated by org.testng.reporters.JUnitReportReporter -->
<testsuite hostname="Swapanpreets-MacBook-Pro.local" name="com.googlesearch.MavenGoogleSearch1.AppTest" tests="1" failures="0" timestamp="21 Mar 2017 09:23:59 GMT" time="0.009" errors="0">
  <testcase name="testApp" time="0.009" classname="com.googlesearch.MavenGoogleSearch1.AppTest"/>
</testsuite> <!-- com.googlesearch.MavenGoogleSearch1.AppTest -->
