<?xml version="1.0" encoding="UTF-8"?>
<!-- Generated by org.testng.reporters.JUnitReportReporter -->
<testsuite hostname="Swapanpreets-MacBook-Pro.local" name="com.googlesearch.MavenGoogleSearch1.GoogleSearch" tests="1" failures="0" timestamp="23 Mar 2017 08:00:11 GMT" time="3.490" errors="0">
  <testcase name="searchName" time="3.490" classname="com.googlesearch.MavenGoogleSearch1.GoogleSearch"/>
</testsuite> <!-- com.googlesearch.MavenGoogleSearch1.GoogleSearch -->
